[0.018s] Invoking command in '/home/mhdns/bumperbot_ws/build/bumperbot_controller': /usr/bin/cmake /home/mhdns/bumperbot_ws/src/bumperbot_controller -DCMAKE_EXPORT_COMPILE_COMMANDS=ON -DCMAKE_INSTALL_PREFIX=/home/mhdns/bumperbot_ws/install/bumperbot_controller
[0.055s] -- Found ament_cmake: 1.3.9 (/opt/ros/humble/share/ament_cmake/cmake)
[0.156s] -- Found rclpy: 3.3.13 (/opt/ros/humble/share/rclpy/cmake)
[0.157s] -- Found std_msgs: 4.2.4 (/opt/ros/humble/share/std_msgs/cmake)
[0.243s] -- Found rosidl_generator_c: 3.1.5 (/opt/ros/humble/share/rosidl_generator_c/cmake)
[0.246s] -- Found rosidl_adapter: 3.1.5 (/opt/ros/humble/share/rosidl_adapter/cmake)
[0.254s] -- Found rosidl_generator_cpp: 3.1.5 (/opt/ros/humble/share/rosidl_generator_cpp/cmake)
[0.266s] -- Using all available rosidl_typesupport_c: rosidl_typesupport_fastrtps_c;rosidl_typesupport_introspection_c
[0.282s] -- Using all available rosidl_typesupport_cpp: rosidl_typesupport_fastrtps_cpp;rosidl_typesupport_introspection_cpp
[0.324s] -- Found geometry_msgs: 4.2.4 (/opt/ros/humble/share/geometry_msgs/cmake)
[0.359s] -- Found rclcpp: 16.0.9 (/opt/ros/humble/share/rclcpp/cmake)
[0.401s] -- Found rmw_implementation_cmake: 6.1.2 (/opt/ros/humble/share/rmw_implementation_cmake/cmake)
[0.403s] -- Found rmw_fastrtps_cpp: 6.2.6 (/opt/ros/humble/share/rmw_fastrtps_cpp/cmake)
[1.101s] -- Found OpenSSL: /usr/lib/x86_64-linux-gnu/libcrypto.so (found version "3.0.2")  
[1.845s] -- Found FastRTPS: /opt/ros/humble/include  
[3.235s] -- Using RMW implementation 'rmw_fastrtps_cpp' as default
[3.242s] -- Looking for pthread.h
[3.355s] -- Looking for pthread.h - found
[3.355s] -- Performing Test CMAKE_HAVE_LIBC_PTHREAD
[3.430s] -- Performing Test CMAKE_HAVE_LIBC_PTHREAD - Success
[3.431s] -- Found Threads: TRUE  
[3.557s] -- Found ament_lint_auto: 0.12.11 (/opt/ros/humble/share/ament_lint_auto/cmake)
[3.599s] -- Added test 'cppcheck' to perform static code analysis on C / C++ code
[3.599s] -- Configured cppcheck include dirs: /home/mhdns/bumperbot_ws/src/bumperbot_controller/include
[3.599s] -- Configured cppcheck exclude dirs and/or files: 
[3.599s] -- Added test 'flake8' to check Python code syntax and style conventions
[3.600s] -- Added test 'lint_cmake' to check CMake code style
[3.600s] -- Added test 'pep257' to check Python code against some of the docstring style conventions in PEP 257
[3.601s] -- Added test 'uncrustify' to check C / C++ code style
[3.601s] -- Configured uncrustify additional arguments: 
[3.601s] -- Added test 'xmllint' to check XML markup files
[3.603s] -- Configuring done
[3.610s] -- Generating done
[3.617s] -- Build files have been written to: /home/mhdns/bumperbot_ws/build/bumperbot_controller
[3.623s] Invoked command in '/home/mhdns/bumperbot_ws/build/bumperbot_controller' returned '0': /usr/bin/cmake /home/mhdns/bumperbot_ws/src/bumperbot_controller -DCMAKE_EXPORT_COMPILE_COMMANDS=ON -DCMAKE_INSTALL_PREFIX=/home/mhdns/bumperbot_ws/install/bumperbot_controller
[3.624s] Invoking command in '/home/mhdns/bumperbot_ws/build/bumperbot_controller': /usr/bin/cmake --build /home/mhdns/bumperbot_ws/build/bumperbot_controller -- -j32 -l32
[3.630s] 
[3.630s] [0/4] Building CXX object CMakeFiles/simple_controller.dir/src/simple_controller.cpp.o[K
[3.635s] [0/4] cd /home/mhdns/bumperbot_ws/build/bumperbot_controller && /usr/bin/cmake -E copy_directory /home/mhdns/bumperbot_ws/src/bumperbot_controller/bumperbot_controller /home/mhdns/bumperbot_ws/build/bumperbot_controller/ament_cmake_python/bumperbot_controller/bumperbot_controller[K
[3.635s] [1/4] cd /home/mhdns/bumperbot_ws/build/bumperbot_controller && /usr/bin/cmake -E copy_directory /home/mhdns/bumperbot_ws/src/bumperbot_controller/bumperbot_controller /home/mhdns/bumperbot_ws/build/bumperbot_controller/ament_cmake_python/bumperbot_controller/bumperbot_controller[K
[3.781s] [1/4] cd /home/mhdns/bumperbot_ws/build/bumperbot_controller/ament_cmake_python/bumperbot_controller && /usr/bin/python3 setup.py egg_info[K
[3.781s] [2/4] cd /home/mhdns/bumperbot_ws/build/bumperbot_controller/ament_cmake_python/bumperbot_controller && /usr/bin/python3 setup.py egg_info[K
[3.781s] running egg_info
[3.781s] writing bumperbot_controller.egg-info/PKG-INFO
[3.781s] writing dependency_links to bumperbot_controller.egg-info/dependency_links.txt
[3.781s] writing top-level names to bumperbot_controller.egg-info/top_level.txt
[3.781s] reading manifest file 'bumperbot_controller.egg-info/SOURCES.txt'
[3.781s] writing manifest file 'bumperbot_controller.egg-info/SOURCES.txt'
[3.880s] 
[3.880s] [3/4] Building CXX object CMakeFiles/simple_controller.dir/src/simple_controller.cpp.o[K
[3.880s] [31mFAILED: [0mCMakeFiles/simple_controller.dir/src/simple_controller.cpp.o 
[3.880s] /usr/bin/c++ -DDEFAULT_RMW_IMPLEMENTATION=rmw_fastrtps_cpp -DRCUTILS_ENABLE_FAULT_INJECTION -I/home/mhdns/bumperbot_ws/src/bumperbot_controller/include -I/usr/include/eigen3 -isystem /opt/ros/humble/include/rclcpp -isystem /opt/ros/humble/include/geometry_msgs -isystem /opt/ros/humble/include/std_msgs -isystem /opt/ros/humble/include/ament_index_cpp -isystem /opt/ros/humble/include/libstatistics_collector -isystem /opt/ros/humble/include/builtin_interfaces -isystem /opt/ros/humble/include/rosidl_runtime_c -isystem /opt/ros/humble/include/rcutils -isystem /opt/ros/humble/include/rosidl_typesupport_interface -isystem /opt/ros/humble/include/fastcdr -isystem /opt/ros/humble/include/rosidl_runtime_cpp -isystem /opt/ros/humble/include/rosidl_typesupport_fastrtps_cpp -isystem /opt/ros/humble/include/rmw -isystem /opt/ros/humble/include/rosidl_typesupport_fastrtps_c -isystem /opt/ros/humble/include/rosidl_typesupport_introspection_c -isystem /opt/ros/humble/include/rosidl_typesupport_introspection_cpp -isystem /opt/ros/humble/include/rcl -isystem /opt/ros/humble/include/rcl_interfaces -isystem /opt/ros/humble/include/rcl_logging_interface -isystem /opt/ros/humble/include/rcl_yaml_param_parser -isystem /opt/ros/humble/include/libyaml_vendor -isystem /opt/ros/humble/include/tracetools -isystem /opt/ros/humble/include/rcpputils -isystem /opt/ros/humble/include/statistics_msgs -isystem /opt/ros/humble/include/rosgraph_msgs -isystem /opt/ros/humble/include/rosidl_typesupport_cpp -isystem /opt/ros/humble/include/rosidl_typesupport_c -Wall -Wextra -Wpedantic -MD -MT CMakeFiles/simple_controller.dir/src/simple_controller.cpp.o -MF CMakeFiles/simple_controller.dir/src/simple_controller.cpp.o.d -o CMakeFiles/simple_controller.dir/src/simple_controller.cpp.o -c /home/mhdns/bumperbot_ws/src/bumperbot_controller/src/simple_controller.cpp
[3.880s] In file included from /home/mhdns/bumperbot_ws/src/bumperbot_controller/src/simple_controller.cpp:1:
[3.880s] /home/mhdns/bumperbot_ws/src/bumperbot_controller/src/../include/bumperbot_controller//simple_controller.hpp:5:10: fatal error: geometry_msg/msg/twist_stamped.hpp: No such file or directory
[3.880s]     5 | #include <geometry_msg/msg/twist_stamped.hpp>
[3.880s]       |          ^~~~~~~~~~~~~~~~~~~~~~~~~~~~~~~~~~~~
[3.880s] compilation terminated.
[3.880s] ninja: build stopped: subcommand failed.
[3.882s] Invoked command in '/home/mhdns/bumperbot_ws/build/bumperbot_controller' returned '1': /usr/bin/cmake --build /home/mhdns/bumperbot_ws/build/bumperbot_controller -- -j32 -l32
