[0.013s] Invoking command in '/home/mhdns/bumperbot_ws/build/bumperbot_cpp_examples': CMAKE_PREFIX_PATH=/opt/ros/humble /usr/bin/cmake --build /home/mhdns/bumperbot_ws/build/bumperbot_cpp_examples -- -j32 -l32
[0.035s] -- Found ament_cmake: 1.3.9 (/opt/ros/humble/share/ament_cmake/cmake)
[0.133s] -- Found rclcpp: 16.0.9 (/opt/ros/humble/share/rclcpp/cmake)
[0.241s] -- Found rosidl_generator_c: 3.1.5 (/opt/ros/humble/share/rosidl_generator_c/cmake)
[0.246s] -- Found rosidl_adapter: 3.1.5 (/opt/ros/humble/share/rosidl_adapter/cmake)
[0.256s] -- Found rosidl_generator_cpp: 3.1.5 (/opt/ros/humble/share/rosidl_generator_cpp/cmake)
[0.271s] -- Using all available rosidl_typesupport_c: rosidl_typesupport_fastrtps_c;rosidl_typesupport_introspection_c
[0.289s] -- Using all available rosidl_typesupport_cpp: rosidl_typesupport_fastrtps_cpp;rosidl_typesupport_introspection_cpp
[0.354s] -- Found rmw_implementation_cmake: 6.1.2 (/opt/ros/humble/share/rmw_implementation_cmake/cmake)
[0.357s] -- Found rmw_fastrtps_cpp: 6.2.6 (/opt/ros/humble/share/rmw_fastrtps_cpp/cmake)
[0.990s] -- Found OpenSSL: /usr/lib/x86_64-linux-gnu/libcrypto.so (found version "3.0.2")  
[1.656s] -- Found FastRTPS: /opt/ros/humble/include  
[2.918s] -- Using RMW implementation 'rmw_fastrtps_cpp' as default
[2.928s] -- Looking for pthread.h
[3.009s] -- Looking for pthread.h - found
[3.009s] -- Performing Test CMAKE_HAVE_LIBC_PTHREAD
[3.089s] -- Performing Test CMAKE_HAVE_LIBC_PTHREAD - Success
[3.089s] -- Found Threads: TRUE  
[3.210s] -- Found ament_lint_auto: 0.12.11 (/opt/ros/humble/share/ament_lint_auto/cmake)
[3.258s] -- Added test 'cppcheck' to perform static code analysis on C / C++ code
[3.259s] -- Configured cppcheck include dirs: 
[3.259s] -- Configured cppcheck exclude dirs and/or files: 
[3.260s] -- Added test 'lint_cmake' to check CMake code style
[3.262s] -- Added test 'uncrustify' to check C / C++ code style
[3.262s] -- Configured uncrustify additional arguments: 
[3.263s] -- Added test 'xmllint' to check XML markup files
[3.264s] -- Configuring done
[3.270s] -- Generating done
[3.271s] -- Build files have been written to: /home/mhdns/bumperbot_ws/build/bumperbot_cpp_examples
[3.292s] [ 50%] [32mBuilding CXX object CMakeFiles/simple_publisher.dir/src/simple_publisher.cpp.o[0m
[4.930s] [01m[K/home/mhdns/bumperbot_ws/src/bumperbot_cpp_examples/src/simple_publisher.cpp:6:12:[m[K [01;31m[Kerror: [m[Kusing-declaration may not name namespace â€˜[01m[Kstd::literals::chrono_literals[m[Kâ€™
[4.930s]     6 | using std::[01;31m[Kchrono_literals[m[K;
[4.930s]       |            [01;31m[K^~~~~~~~~~~~~~~[m[K
[4.934s] [01m[K/home/mhdns/bumperbot_ws/src/bumperbot_cpp_examples/src/simple_publisher.cpp:[m[K In constructor â€˜[01m[KSimplePublisher::SimplePublisher()[m[Kâ€™:
[4.934s] [01m[K/home/mhdns/bumperbot_ws/src/bumperbot_cpp_examples/src/simple_publisher.cpp:12:32:[m[K [01;31m[Kerror: [m[Kunable to find numeric literal operator â€˜[01m[Koperator""s[m[Kâ€™
[4.935s]    12 |     timer_ = create_wall_timer([01;31m[K1s[m[K, std::bind(&SimplePublisher::timerCallback, this));
[4.935s]       |                                [01;31m[K^~[m[K
[5.453s] gmake[2]: *** [CMakeFiles/simple_publisher.dir/build.make:76: CMakeFiles/simple_publisher.dir/src/simple_publisher.cpp.o] Error 1
[5.453s] gmake[1]: *** [CMakeFiles/Makefile2:137: CMakeFiles/simple_publisher.dir/all] Error 2
[5.453s] gmake: *** [Makefile:146: all] Error 2
[5.455s] Invoked command in '/home/mhdns/bumperbot_ws/build/bumperbot_cpp_examples' returned '2': CMAKE_PREFIX_PATH=/opt/ros/humble /usr/bin/cmake --build /home/mhdns/bumperbot_ws/build/bumperbot_cpp_examples -- -j32 -l32
