[0.013s] Invoking command in '/home/mhdns/bumperbot_ws/build/bumperbot_controller': /usr/bin/cmake --build /home/mhdns/bumperbot_ws/build/bumperbot_controller -- -j32 -l32
[0.031s] 
[0.031s] [0/1] Re-running CMake...[K
[0.047s] -- Found ament_cmake: 1.3.9 (/opt/ros/humble/share/ament_cmake/cmake)
[0.156s] -- Found rclpy: 3.3.13 (/opt/ros/humble/share/rclpy/cmake)
[0.156s] -- Found std_msgs: 4.2.4 (/opt/ros/humble/share/std_msgs/cmake)
[0.272s] -- Found rosidl_generator_c: 3.1.5 (/opt/ros/humble/share/rosidl_generator_c/cmake)
[0.276s] -- Found rosidl_adapter: 3.1.5 (/opt/ros/humble/share/rosidl_adapter/cmake)
[0.284s] -- Found rosidl_generator_cpp: 3.1.5 (/opt/ros/humble/share/rosidl_generator_cpp/cmake)
[0.297s] -- Using all available rosidl_typesupport_c: rosidl_typesupport_fastrtps_c;rosidl_typesupport_introspection_c
[0.314s] -- Using all available rosidl_typesupport_cpp: rosidl_typesupport_fastrtps_cpp;rosidl_typesupport_introspection_cpp
[0.361s] -- Found geometry_msgs: 4.2.4 (/opt/ros/humble/share/geometry_msgs/cmake)
[0.395s] -- Found rclcpp: 16.0.9 (/opt/ros/humble/share/rclcpp/cmake)
[0.445s] -- Found rmw_implementation_cmake: 6.1.2 (/opt/ros/humble/share/rmw_implementation_cmake/cmake)
[0.448s] -- Found rmw_fastrtps_cpp: 6.2.6 (/opt/ros/humble/share/rmw_fastrtps_cpp/cmake)
[3.516s] -- Using RMW implementation 'rmw_fastrtps_cpp' as default
[3.619s] -- Found sensor_msgs: 4.2.4 (/opt/ros/humble/share/sensor_msgs/cmake)
[3.679s] -- Found nav_msgs: 4.2.4 (/opt/ros/humble/share/nav_msgs/cmake)
[3.739s] -- Found tf2: 0.25.7 (/opt/ros/humble/share/tf2/cmake)
[3.789s] [31mCMake Error at /opt/ros/humble/share/ament_cmake_target_dependencies/cmake/ament_target_dependencies.cmake:77 (message):
[3.789s]   ament_target_dependencies() the passed package name 'nav_msgs}' was not
[3.789s]   found before
[3.789s] Call Stack (most recent call first):
[3.789s]   CMakeLists.txt:33 (ament_target_dependencies)
[3.789s] 
[3.789s] [0m
[3.789s] -- Configuring incomplete, errors occurred!
[3.790s] See also "/home/mhdns/bumperbot_ws/build/bumperbot_controller/CMakeFiles/CMakeOutput.log".
[3.796s] [31mFAILED: [0mbuild.ninja 
[3.796s] /usr/bin/cmake --regenerate-during-build -S/home/mhdns/bumperbot_ws/src/bumperbot_controller -B/home/mhdns/bumperbot_ws/build/bumperbot_controller
[3.796s] ninja: error: rebuilding 'build.ninja': subcommand failed
[3.798s] Invoked command in '/home/mhdns/bumperbot_ws/build/bumperbot_controller' returned '1': /usr/bin/cmake --build /home/mhdns/bumperbot_ws/build/bumperbot_controller -- -j32 -l32
