[0.013s] Invoking command in '/home/mhdns/bumperbot_ws/build/bumperbot_cpp_examples': /usr/bin/cmake --build /home/mhdns/bumperbot_ws/build/bumperbot_cpp_examples -- -j32 -l32
[0.035s] [35m[1mConsolidate compiler generated dependencies of target simple_tf_kinematics[0m
[0.043s] [ 50%] Built target simple_turtlesim_kinematics
[0.043s] [ 50%] Built target simple_publisher
[0.043s] [ 60%] Built target simple_subscriber
[0.043s] [ 80%] Built target simple_parameter
[0.048s] [ 90%] [32mBuilding CXX object CMakeFiles/simple_tf_kinematics.dir/src/simple_tf_kinematics.cpp.o[0m
[1.554s] [01m[K/home/mhdns/bumperbot_ws/src/bumperbot_cpp_examples/src/simple_tf_kinematics.cpp:[m[K In function â€˜[01m[Kint main(int, char**)[m[Kâ€™:
[1.554s] [01m[K/home/mhdns/bumperbot_ws/src/bumperbot_cpp_examples/src/simple_tf_kinematics.cpp:7:13:[m[K [01;31m[Kerror: [m[Kexpected â€˜[01m[K;[m[Kâ€™ before â€˜[01m[K}[m[Kâ€™ token
[1.554s]     7 |     return 0
[1.555s]       |             [01;31m[K^[m[K
[1.555s]       |             [32m[K;[m[K
[1.555s]     8 | [32m[K}[m[K
[1.555s]       | [32m[K~[m[K            
[1.561s] [01m[K/home/mhdns/bumperbot_ws/src/bumperbot_cpp_examples/src/simple_tf_kinematics.cpp:5:14:[m[K [01;35m[Kwarning: [m[Kunused parameter â€˜[01m[Kargc[m[Kâ€™ [[01;35m[K]8;;https://gcc.gnu.org/onlinedocs/gcc/Warning-Options.html#index-Wunused-parameter-Wunused-parameter]8;;[m[K]
[1.561s]     5 | int main([01;35m[Kint argc[m[K, char* argv[])
[1.561s]       |          [01;35m[K~~~~^~~~[m[K
[1.561s] [01m[K/home/mhdns/bumperbot_ws/src/bumperbot_cpp_examples/src/simple_tf_kinematics.cpp:5:26:[m[K [01;35m[Kwarning: [m[Kunused parameter â€˜[01m[Kargv[m[Kâ€™ [[01;35m[K]8;;https://gcc.gnu.org/onlinedocs/gcc/Warning-Options.html#index-Wunused-parameter-Wunused-parameter]8;;[m[K]
[1.561s]     5 | int main(int argc, [01;35m[Kchar* argv[][m[K)
[1.561s]       |                    [01;35m[K~~~~~~^~~~~~[m[K
[1.838s] gmake[2]: *** [CMakeFiles/simple_tf_kinematics.dir/build.make:76: CMakeFiles/simple_tf_kinematics.dir/src/simple_tf_kinematics.cpp.o] Error 1
[1.838s] gmake[1]: *** [CMakeFiles/Makefile2:249: CMakeFiles/simple_tf_kinematics.dir/all] Error 2
[1.838s] gmake: *** [Makefile:146: all] Error 2
[1.840s] Invoked command in '/home/mhdns/bumperbot_ws/build/bumperbot_cpp_examples' returned '2': /usr/bin/cmake --build /home/mhdns/bumperbot_ws/build/bumperbot_cpp_examples -- -j32 -l32
