[0.014s] Invoking command in '/home/mhdns/bumperbot_ws/build/bumperbot_cpp_examples': /usr/bin/cmake --build /home/mhdns/bumperbot_ws/build/bumperbot_cpp_examples -- -j32 -l32
[0.056s] -- Found ament_cmake: 1.3.9 (/opt/ros/humble/share/ament_cmake/cmake)
[0.155s] -- Found rclcpp: 16.0.9 (/opt/ros/humble/share/rclcpp/cmake)
[0.268s] -- Found rosidl_generator_c: 3.1.5 (/opt/ros/humble/share/rosidl_generator_c/cmake)
[0.271s] -- Found rosidl_adapter: 3.1.5 (/opt/ros/humble/share/rosidl_adapter/cmake)
[0.279s] -- Found rosidl_generator_cpp: 3.1.5 (/opt/ros/humble/share/rosidl_generator_cpp/cmake)
[0.292s] -- Using all available rosidl_typesupport_c: rosidl_typesupport_fastrtps_c;rosidl_typesupport_introspection_c
[0.308s] -- Using all available rosidl_typesupport_cpp: rosidl_typesupport_fastrtps_cpp;rosidl_typesupport_introspection_cpp
[0.367s] -- Found rmw_implementation_cmake: 6.1.2 (/opt/ros/humble/share/rmw_implementation_cmake/cmake)
[0.369s] -- Found rmw_fastrtps_cpp: 6.2.6 (/opt/ros/humble/share/rmw_fastrtps_cpp/cmake)
[3.006s] -- Using RMW implementation 'rmw_fastrtps_cpp' as default
[3.127s] -- Found turtlesim: 1.4.2 (/opt/ros/humble/share/turtlesim/cmake)
[3.225s] -- Found tf2_ros: 0.25.7 (/opt/ros/humble/share/tf2_ros/cmake)
[3.449s] -- Found ament_lint_auto: 0.12.11 (/opt/ros/humble/share/ament_lint_auto/cmake)
[3.503s] -- Added test 'cppcheck' to perform static code analysis on C / C++ code
[3.503s] -- Configured cppcheck include dirs: /home/mhdns/bumperbot_ws/src/bumperbot_cpp_examples/include
[3.503s] -- Configured cppcheck exclude dirs and/or files: 
[3.504s] -- Added test 'lint_cmake' to check CMake code style
[3.507s] -- Added test 'uncrustify' to check C / C++ code style
[3.507s] -- Configured uncrustify additional arguments: 
[3.507s] -- Added test 'xmllint' to check XML markup files
[3.509s] -- Configuring done
[3.533s] -- Generating done
[3.535s] -- Build files have been written to: /home/mhdns/bumperbot_ws/build/bumperbot_cpp_examples
[3.552s] [35m[1mConsolidate compiler generated dependencies of target simple_publisher[0m
[3.553s] [35m[1mConsolidate compiler generated dependencies of target simple_parameter[0m
[3.553s] [35m[1mConsolidate compiler generated dependencies of target simple_subscriber[0m
[3.553s] [35m[1mConsolidate compiler generated dependencies of target simple_turtlesim_kinematics[0m
[3.557s] [ 10%] [32mBuilding CXX object CMakeFiles/simple_tf_kinematics.dir/src/simple_tf_kinematics.cpp.o[0m
[3.565s] [ 90%] Built target simple_turtlesim_kinematics
[3.565s] [ 90%] Built target simple_subscriber
[3.565s] [ 90%] Built target simple_publisher
[3.565s] [ 90%] Built target simple_parameter
[3.728s] In file included from [01m[K/home/mhdns/bumperbot_ws/src/bumperbot_cpp_examples/src/simple_tf_kinematics.cpp:2[m[K:
[3.728s] [01m[K/home/mhdns/bumperbot_ws/src/bumperbot_cpp_examples/src/../include/bumperbot_cpp_examples/simple_tf_kinematics.hpp:5:18:[m[K [01;31m[Kerror: [m[Kmissing terminating > character
[3.728s]     5 | #include <tf2_ros
[3.728s]       |                  [01;31m[K^[m[K
[3.732s] [01m[K/home/mhdns/bumperbot_ws/src/bumperbot_cpp_examples/src/../include/bumperbot_cpp_examples/simple_tf_kinematics.hpp:5:10:[m[K [01;31m[Kfatal error: [m[Ktf2_ros: No such file or directory
[3.732s]     5 | #include [01;31m[K<[m[Ktf2_ros
[3.732s]       |          [01;31m[K^[m[K
[3.733s] compilation terminated.
[3.735s] gmake[2]: *** [CMakeFiles/simple_tf_kinematics.dir/build.make:76: CMakeFiles/simple_tf_kinematics.dir/src/simple_tf_kinematics.cpp.o] Error 1
[3.735s] gmake[1]: *** [CMakeFiles/Makefile2:249: CMakeFiles/simple_tf_kinematics.dir/all] Error 2
[3.735s] gmake: *** [Makefile:146: all] Error 2
[3.737s] Invoked command in '/home/mhdns/bumperbot_ws/build/bumperbot_cpp_examples' returned '2': /usr/bin/cmake --build /home/mhdns/bumperbot_ws/build/bumperbot_cpp_examples -- -j32 -l32
